#
# A fatal error has been detected by the Java Runtime Environment:
#
#  SIGSEGV (0xb) at pc=0x00000038d4b45e36, pid=21608, tid=139815659534080
#
# JRE version: Java(TM) SE Runtime Environment (8.0_31-b13) (build 1.8.0_31-b13)
# Java VM: Java HotSpot(TM) 64-Bit Server VM (25.31-b07 mixed mode linux-amd64 compressed oops)
# Problematic frame:
# C  [libc.so.6+0x145e36]
#
# Failed to write core dump. Core dumps have been disabled. To enable core dumping, try "ulimit -c unlimited" before starting Java again
#
# If you would like to submit a bug report, please visit:
#   http://bugreport.java.com/bugreport/crash.jsp
# The crash happened outside the Java Virtual Machine in native code.
# See problematic frame for where to report the bug.
#

---------------  T H R E A D  ---------------

Current thread (0x00007f295800a000):  JavaThread "main" [_thread_in_native, id=21610, stack(0x00007f295ea87000,0x00007f295eb88000)]

siginfo: si_signo: 11 (SIGSEGV), si_code: 1 (SEGV_MAPERR), si_addr: 0x00007f291e278000

Registers:
RAX=0x00007f29582ee360, RBX=0x0000000000003800, RCX=0x0000000000000ac8, RDX=0x0000000000003800
RSP=0x00007f295eb84188, RBP=0x00007f295eb841e0, RSI=0x00007f291e278000, RDI=0x00007f29582f1098
R8 =0x0000000000000003, R9 =0x00007f2958000778, R10=0x0000000000003811, R11=0x0000000000000009
R12=0x00007f291e271196, R13=0x00007f2958408f60, R14=0x0000000000000004, R15=0x00007f29580d12b0
RIP=0x00000038d4b45e36, EFLAGS=0x0000000000010287, CSGSFS=0x0000000000000033, ERR=0x0000000000000004
  TRAPNO=0x000000000000000e

Top of Stack: (sp=0x00007f295eb84188)
0x00007f295eb84188:   00007f295e1e1a1e 00007f29490467a0
0x00007f295eb84198:   3800046200000000 0000000000004100
0x00007f295eb841a8:   00000000b4000000 00007f2958408f60
0x00007f295eb841b8:   00007f29580d2a60 00007f2958409ba0
0x00007f295eb841c8:   00007f29580d12b0 0000000079333ef4
0x00007f295eb841d8:   0000000000000038 00007f295eb84240
0x00007f295eb841e8:   00007f295e1e1f2f 00007f295800a000
0x00007f295eb841f8:   01007f295800aad8 00007f295eb84260
0x00007f295eb84208:   00007f295eb84299 00007f295eb84297
0x00007f295eb84218:   00007f295eb84260 0000000000000038
0x00007f295eb84228:   00007f295800a1e8 00007f295eb846b8
0x00007f295eb84238:   0000000000000001 00007f295eb846a0
0x00007f295eb84248:   00007f295e1d3d30 00007f295eb84370
0x00007f295eb84258:   00007f29580d12b0 707562782f67726f
0x00007f295eb84268:   726f632f62696c2f 7265737261702f65
0x00007f295eb84278:   702f6e656b6f742f 755042582f6c6c75
0x00007f295eb84288:   7265646165526c6c 7373616c632e3124
0x00007f295eb84298:   00007f295800a000 00007f295eb842d0
0x00007f295eb842a8:   00007f2958009030 000000077043b0b0
0x00007f295eb842b8:   00007f29488043a8 00007f2958008f80
0x00007f295eb842c8:   00007f295800a000 00007f295eb84460
0x00007f295eb842d8:   00007f295f232a77 0000000000000000
0x00007f295eb842e8:   0000000000000000 00007f295eb84340
0x00007f295eb842f8:   00007f295eb843c0 00007f295eb84490
0x00007f295eb84308:   00007f295eb84510 00007f295800a1e8
0x00007f295eb84318:   00007f295f24b320 00007f2958008a20
0x00007f295eb84328:   00007f2958008a30 00007f2958008e08
0x00007f295eb84338:   00000000000003d8 0000000000000000
0x00007f295eb84348:   000000077043b0b0 00000006c5881e48
0x00007f295eb84358:   00007f29491cd38f 000000077043ae60
0x00007f295eb84368:   00007f29491cf857 0000000400000001
0x00007f295eb84378:   000000077043ae60 00000006c58808c0 

Instructions: (pc=0x00000038d4b45e36)
0x00000038d4b45e16:   c0 c3 0f 1f 84 00 00 00 00 00 48 8b 0d 11 14 27
0x00000038d4b45e26:   00 48 c1 e1 03 48 39 ca 73 10 48 89 d1 48 89 d1
0x00000038d4b45e36:   f3 a4 c3 0f 1f 80 00 00 00 00 48 8d 0c 16 c5 fe
0x00000038d4b45e46:   6f 26 c5 fa 6f 6c 16 80 c5 fa 6f 71 90 c5 fa 6f 

Register to memory mapping:

RAX=0x00007f29582ee360 is an unknown value
RBX=0x0000000000003800 is an unknown value
RCX=0x0000000000000ac8 is an unknown value
RDX=0x0000000000003800 is an unknown value
RSP=0x00007f295eb84188 is pointing into the stack for thread: 0x00007f295800a000
RBP=0x00007f295eb841e0 is pointing into the stack for thread: 0x00007f295800a000
RSI=0x00007f291e278000 is an unknown value
RDI=0x00007f29582f1098 is an unknown value
R8 =0x0000000000000003 is an unknown value
R9 =0x00007f2958000778 is an unknown value
R10=0x0000000000003811 is an unknown value
R11=0x0000000000000009 is an unknown value
R12=0x00007f291e271196 is an unknown value
R13=0x00007f2958408f60 is an unknown value
R14=0x0000000000000004 is an unknown value
R15=0x00007f29580d12b0 is an unknown value


Stack: [0x00007f295ea87000,0x00007f295eb88000],  sp=0x00007f295eb84188,  free space=1012k
Native frames: (J=compiled Java code, j=interpreted, Vv=VM code, C=native code)
C  [libc.so.6+0x145e36]
C  [libzip.so+0x11f2f]  ZIP_GetEntry2+0xff
C  [libzip.so+0x3d30]  Java_java_util_zip_ZipFile_getEntry+0xf0
J 145  java.util.zip.ZipFile.getEntry(J[BZ)J (0 bytes) @ 0x00007f29491585ce [0x00007f2949158500+0xce]
J 889 C2 sun.misc.URLClassPath$JarLoader.getResource(Ljava/lang/String;Z)Lsun/misc/Resource; (85 bytes) @ 0x00007f294936bca0 [0x00007f294936b940+0x360]

Java frames: (J=compiled Java code, j=interpreted, Vv=VM code)
J 145  java.util.zip.ZipFile.getEntry(J[BZ)J (0 bytes) @ 0x00007f2949158558 [0x00007f2949158500+0x58]
J 889 C2 sun.misc.URLClassPath$JarLoader.getResource(Ljava/lang/String;Z)Lsun/misc/Resource; (85 bytes) @ 0x00007f294936bca0 [0x00007f294936b940+0x360]
J 1070 C2 sun.misc.URLClassPath.getResource(Ljava/lang/String;Z)Lsun/misc/Resource; (74 bytes) @ 0x00007f2949448998 [0x00007f2949448920+0x78]
J 2488 C2 java.net.URLClassLoader$1.run()Ljava/lang/Object; (5 bytes) @ 0x00007f2949892ec4 [0x00007f2949892a40+0x484]
v  ~StubRoutines::call_stub
J 314  java.security.AccessController.doPrivileged(Ljava/security/PrivilegedExceptionAction;Ljava/security/AccessControlContext;)Ljava/lang/Object; (0 bytes) @ 0x00007f29491d23a3 [0x00007f29491d2340+0x63]
J 2146 C2 java.lang.ClassLoader.loadClass(Ljava/lang/String;Z)Ljava/lang/Class; (122 bytes) @ 0x00007f294971954c [0x00007f29497189c0+0xb8c]
J 282 C1 sun.misc.Launcher$AppClassLoader.loadClass(Ljava/lang/String;Z)Ljava/lang/Class; (40 bytes) @ 0x00007f29491c60b4 [0x00007f29491c5c80+0x434]
J 280 C1 java.lang.ClassLoader.loadClass(Ljava/lang/String;)Ljava/lang/Class; (7 bytes) @ 0x00007f29491c4f44 [0x00007f29491c4e40+0x104]
v  ~StubRoutines::call_stub
j  org.xbup.lib.core.parser.token.pull.XBPullReader.pullXBToken()Lorg/xbup/lib/core/parser/token/XBToken;+81
j  org.xbup.lib.core.parser.token.pull.convert.XBToXBTPullConvertor.pullXBTToken()Lorg/xbup/lib/core/parser/token/XBTToken;+24
j  org.xbup.lib.core.parser.token.pull.convert.XBTPullTypeDeclaringFilter.pullXBTToken()Lorg/xbup/lib/core/parser/token/XBTToken;+4
j  org.xbup.lib.service.XBTCPRemoteServer$XBTTypePreloadingPullProvider.<init>(Lorg/xbup/lib/service/XBTCPRemoteServer;Lorg/xbup/lib/core/parser/token/pull/XBTPullProvider;)V+16
j  org.xbup.lib.service.XBTCPRemoteServer.respondMessage(Lorg/xbup/lib/core/parser/token/pull/convert/XBTPullTypeDeclaringFilter;Lorg/xbup/lib/core/parser/token/event/convert/XBTEventTypeUndeclaringFilter;)V+6
j  org.xbup.lib.service.XBTCPRemoteServer.run()V+133
j  org.xbup.service.XBService.performUpdate()V+469
j  org.xbup.service.XBService.initCatalog()V+440
j  org.xbup.service.XBService.main([Ljava/lang/String;)V+572
v  ~StubRoutines::call_stub

---------------  P R O C E S S  ---------------

Java Threads: ( => current thread )
  0x00007f29587ed000 JavaThread "derby.rawStoreDaemon" daemon [_thread_blocked, id=21636, stack(0x00007f291c5d7000,0x00007f291c6d8000)]
  0x00007f2958713000 JavaThread "Timer-1" daemon [_thread_blocked, id=21635, stack(0x00007f291cafe000,0x00007f291cbff000)]
  0x00007f29585fe000 JavaThread "Abandoned connection cleanup thread" daemon [_thread_blocked, id=21634, stack(0x00007f291cfff000,0x00007f291d100000)]
  0x00007f29581f0800 JavaThread "Timer-0" daemon [_thread_blocked, id=21633, stack(0x00007f291e017000,0x00007f291e118000)]
  0x00007f29580b9000 JavaThread "Service Thread" daemon [_thread_blocked, id=21631, stack(0x00007f291e380000,0x00007f291e481000)]
  0x00007f29580b1800 JavaThread "C1 CompilerThread3" daemon [_thread_blocked, id=21630, stack(0x00007f291e481000,0x00007f291e582000)]
  0x00007f29580af800 JavaThread "C2 CompilerThread2" daemon [_thread_blocked, id=21629, stack(0x00007f291e582000,0x00007f291e683000)]
  0x00007f29580ae000 JavaThread "C2 CompilerThread1" daemon [_thread_blocked, id=21628, stack(0x00007f291e683000,0x00007f291e784000)]
  0x00007f29580ab000 JavaThread "C2 CompilerThread0" daemon [_thread_blocked, id=21627, stack(0x00007f291e784000,0x00007f291e885000)]
  0x00007f29580a9000 JavaThread "Signal Dispatcher" daemon [_thread_blocked, id=21626, stack(0x00007f291e885000,0x00007f291e986000)]
  0x00007f2958085800 JavaThread "Finalizer" daemon [_thread_blocked, id=21623, stack(0x00007f291e986000,0x00007f291ea87000)]
  0x00007f2958083800 JavaThread "Reference Handler" daemon [_thread_blocked, id=21621, stack(0x00007f291ea87000,0x00007f291eb88000)]
=>0x00007f295800a000 JavaThread "main" [_thread_in_native, id=21610, stack(0x00007f295ea87000,0x00007f295eb88000)]

Other Threads:
  0x00007f295807e000 VMThread [stack: 0x00007f291eb88000,0x00007f291ec89000] [id=21620]
  0x00007f29580bb800 WatcherThread [stack: 0x00007f291e27f000,0x00007f291e380000] [id=21632]

VM state:not at safepoint (normal execution)

VM Mutex/Monitor currently owned by a thread: None

Heap:
 PSYoungGen      total 139776K, used 63270K [0x000000076c800000, 0x000000077d900000, 0x00000007c0000000)
  eden space 129024K, 49% used [0x000000076c800000,0x00000007705c9928,0x0000000774600000)
  from space 10752K, 0% used [0x0000000774600000,0x0000000774600000,0x0000000775080000)
  to   space 10752K, 0% used [0x000000077ce80000,0x000000077ce80000,0x000000077d900000)
 ParOldGen       total 101376K, used 5394K [0x00000006c5800000, 0x00000006cbb00000, 0x000000076c800000)
  object space 101376K, 5% used [0x00000006c5800000,0x00000006c5d449e8,0x00000006cbb00000)
 Metaspace       used 31735K, capacity 33124K, committed 33152K, reserved 1077248K
  class space    used 4050K, capacity 5223K, committed 5248K, reserved 1048576K

Card table byte_map: [0x00007f295d63b000,0x00007f295de10000] byte_map_base: 0x00007f295a00f000

Marking Bits: (ParMarkBitMap*) 0x00007f295fae32a0
 Begin Bits: [0x00007f29202c0000, 0x00007f2924160000)
 End Bits:   [0x00007f2924160000, 0x00007f2928000000)

Polling page: 0x00007f295fd6c000

CodeCache: size=245760Kb used=8849Kb max_used=8851Kb free=236910Kb
 bounds [0x00007f2949000000, 0x00007f29498b0000, 0x00007f2958000000]
 total_blobs=3293 nmethods=2737 adapters=470
 compilation: enabled

Compilation events (10 events):
Event: 2880,146 Thread 0x00007f29580b1800 2733       3       java.util.prefs.FileSystemPreferences$12::run (5 bytes)
Event: 2880,147 Thread 0x00007f29580b1800 nmethod 2733 0x00007f294988e010 code [0x00007f294988e1a0, 0x00007f294988e408]
Event: 2880,147 Thread 0x00007f29580b1800 2734       3       java.util.prefs.FileSystemPreferences$12::run (9 bytes)
Event: 2880,147 Thread 0x00007f29580b1800 nmethod 2734 0x00007f294988db90 code [0x00007f294988dd00, 0x00007f294988df08]
Event: 2880,147 Thread 0x00007f29580b1800 2735       3       java.util.prefs.FileSystemPreferences::access$2300 (5 bytes)
Event: 2880,147 Thread 0x00007f29580b1800 nmethod 2735 0x00007f294988d810 code [0x00007f294988d980, 0x00007f294988dae8]
Event: 2880,147 Thread 0x00007f29580b1800 2736       3       java.util.prefs.FileSystemPreferences::syncSpiPrivileged (178 bytes)
Event: 2880,151 Thread 0x00007f29580b1800 nmethod 2736 0x00007f294988a3d0 code [0x00007f294988a780, 0x00007f294988c8a8]
Event: 3120,147 Thread 0x00007f29580b1800 2737       3       java.io.UnixFileSystem::parentOrNull (118 bytes)
Event: 3120,149 Thread 0x00007f29580b1800 nmethod 2737 0x00007f29498893d0 code [0x00007f29498895c0, 0x00007f2949889fc8]

GC Heap History (8 events):
Event: 0,871 GC heap before
{Heap before GC invocations=1 (full 0):
 PSYoungGen      total 75264K, used 64512K [0x000000076c800000, 0x0000000771c00000, 0x00000007c0000000)
  eden space 64512K, 100% used [0x000000076c800000,0x0000000770700000,0x0000000770700000)
  from space 10752K, 0% used [0x0000000771180000,0x0000000771180000,0x0000000771c00000)
  to   space 10752K, 0% used [0x0000000770700000,0x0000000770700000,0x0000000771180000)
 ParOldGen       total 172032K, used 0K [0x00000006c5800000, 0x00000006d0000000, 0x000000076c800000)
  object space 172032K, 0% used [0x00000006c5800000,0x00000006c5800000,0x00000006d0000000)
 Metaspace       used 14471K, capacity 14646K, committed 14848K, reserved 1062912K
  class space    used 1610K, capacity 1689K, committed 1792K, reserved 1048576K
Event: 0,885 GC heap after
Heap after GC invocations=1 (full 0):
 PSYoungGen      total 75264K, used 10731K [0x000000076c800000, 0x0000000775b00000, 0x00000007c0000000)
  eden space 64512K, 0% used [0x000000076c800000,0x000000076c800000,0x0000000770700000)
  from space 10752K, 99% used [0x0000000770700000,0x000000077117af50,0x0000000771180000)
  to   space 10752K, 0% used [0x0000000775080000,0x0000000775080000,0x0000000775b00000)
 ParOldGen       total 172032K, used 3340K [0x00000006c5800000, 0x00000006d0000000, 0x000000076c800000)
  object space 172032K, 1% used [0x00000006c5800000,0x00000006c5b43278,0x00000006d0000000)
 Metaspace       used 14471K, capacity 14646K, committed 14848K, reserved 1062912K
  class space    used 1610K, capacity 1689K, committed 1792K, reserved 1048576K
}
Event: 1,276 GC heap before
{Heap before GC invocations=2 (full 0):
 PSYoungGen      total 75264K, used 75243K [0x000000076c800000, 0x0000000775b00000, 0x00000007c0000000)
  eden space 64512K, 100% used [0x000000076c800000,0x0000000770700000,0x0000000770700000)
  from space 10752K, 99% used [0x0000000770700000,0x000000077117af50,0x0000000771180000)
  to   space 10752K, 0% used [0x0000000775080000,0x0000000775080000,0x0000000775b00000)
 ParOldGen       total 172032K, used 3340K [0x00000006c5800000, 0x00000006d0000000, 0x000000076c800000)
  object space 172032K, 1% used [0x00000006c5800000,0x00000006c5b43278,0x00000006d0000000)
 Metaspace       used 18455K, capacity 18588K, committed 18816K, reserved 1067008K
  class space    used 2109K, capacity 2170K, committed 2176K, reserved 1048576K
Event: 1,300 GC heap after
Heap after GC invocations=2 (full 0):
 PSYoungGen      total 139776K, used 10730K [0x000000076c800000, 0x0000000775b00000, 0x00000007c0000000)
  eden space 129024K, 0% used [0x000000076c800000,0x000000076c800000,0x0000000774600000)
  from space 10752K, 99% used [0x0000000775080000,0x0000000775afabc8,0x0000000775b00000)
  to   space 10752K, 0% used [0x0000000774600000,0x0000000774600000,0x0000000775080000)
 ParOldGen       total 172032K, used 15245K [0x00000006c5800000, 0x00000006d0000000, 0x000000076c800000)
  object space 172032K, 8% used [0x00000006c5800000,0x00000006c66e34b0,0x00000006d0000000)
 Metaspace       used 18455K, capacity 18588K, committed 18816K, reserved 1067008K
  class space    used 2109K, capacity 2170K, committed 2176K, reserved 1048576K
}
Event: 1,559 GC heap before
{Heap before GC invocations=3 (full 0):
 PSYoungGen      total 139776K, used 24328K [0x000000076c800000, 0x0000000775b00000, 0x00000007c0000000)
  eden space 129024K, 10% used [0x000000076c800000,0x000000076d547708,0x0000000774600000)
  from space 10752K, 99% used [0x0000000775080000,0x0000000775afabc8,0x0000000775b00000)
  to   space 10752K, 0% used [0x0000000774600000,0x0000000774600000,0x0000000775080000)
 ParOldGen       total 172032K, used 15245K [0x00000006c5800000, 0x00000006d0000000, 0x000000076c800000)
  object space 172032K, 8% used [0x00000006c5800000,0x00000006c66e34b0,0x00000006d0000000)
 Metaspace       used 20959K, capacity 21116K, committed 21248K, reserved 1069056K
  class space    used 2464K, capacity 2522K, committed 2560K, reserved 1048576K
Event: 1,571 GC heap after
Heap after GC invocations=3 (full 0):
 PSYoungGen      total 139776K, used 5078K [0x000000076c800000, 0x000000077d900000, 0x00000007c0000000)
  eden space 129024K, 0% used [0x000000076c800000,0x000000076c800000,0x0000000774600000)
  from space 10752K, 47% used [0x0000000774600000,0x0000000774af5a38,0x0000000775080000)
  to   space 10752K, 0% used [0x000000077ce80000,0x000000077ce80000,0x000000077d900000)
 ParOldGen       total 172032K, used 15253K [0x00000006c5800000, 0x00000006d0000000, 0x000000076c800000)
  object space 172032K, 8% used [0x00000006c5800000,0x00000006c66e54b0,0x00000006d0000000)
 Metaspace       used 20959K, capacity 21116K, committed 21248K, reserved 1069056K
  class space    used 2464K, capacity 2522K, committed 2560K, reserved 1048576K
}
Event: 1,571 GC heap before
{Heap before GC invocations=4 (full 1):
 PSYoungGen      total 139776K, used 5078K [0x000000076c800000, 0x000000077d900000, 0x00000007c0000000)
  eden space 129024K, 0% used [0x000000076c800000,0x000000076c800000,0x0000000774600000)
  from space 10752K, 47% used [0x0000000774600000,0x0000000774af5a38,0x0000000775080000)
  to   space 10752K, 0% used [0x000000077ce80000,0x000000077ce80000,0x000000077d900000)
 ParOldGen       total 172032K, used 15253K [0x00000006c5800000, 0x00000006d0000000, 0x000000076c800000)
  object space 172032K, 8% used [0x00000006c5800000,0x00000006c66e54b0,0x00000006d0000000)
 Metaspace       used 20959K, capacity 21116K, committed 21248K, reserved 1069056K
  class space    used 2464K, capacity 2522K, committed 2560K, reserved 1048576K
Event: 1,593 GC heap after
Heap after GC invocations=4 (full 1):
 PSYoungGen      total 139776K, used 0K [0x000000076c800000, 0x000000077d900000, 0x00000007c0000000)
  eden space 129024K, 0% used [0x000000076c800000,0x000000076c800000,0x0000000774600000)
  from space 10752K, 0% used [0x0000000774600000,0x0000000774600000,0x0000000775080000)
  to   space 10752K, 0% used [0x000000077ce80000,0x000000077ce80000,0x000000077d900000)
 ParOldGen       total 101376K, used 5394K [0x00000006c5800000, 0x00000006cbb00000, 0x000000076c800000)
  object space 101376K, 5% used [0x00000006c5800000,0x00000006c5d449e8,0x00000006cbb00000)
 Metaspace       used 20959K, capacity 21116K, committed 21248K, reserved 1069056K
  class space    used 2464K, capacity 2522K, committed 2560K, reserved 1048576K
}

Deoptimization events (10 events):
Event: 1,665 Thread 0x00007f295800a000 Uncommon trap: reason=unloaded action=reinterpret pc=0x00007f29491cc2d8 method=java.lang.CharacterData.of(I)Ljava/lang/CharacterData; @ 96
Event: 1,761 Thread 0x00007f295800a000 Uncommon trap: reason=unreached action=reinterpret pc=0x00007f2949279e6c method=java.util.HashMap.getNode(ILjava/lang/Object;)Ljava/util/HashMap$Node; @ 84
Event: 1,939 Thread 0x00007f295800a000 Uncommon trap: reason=class_check action=maybe_recompile pc=0x00007f2949500ee0 method=java.util.concurrent.ConcurrentHashMap.putVal(Ljava/lang/Object;Ljava/lang/Object;Z)Ljava/lang/Object; @ 192
Event: 2,112 Thread 0x00007f295800a000 Uncommon trap: reason=null_assert action=make_not_entrant pc=0x00007f2949500e34 method=java.util.concurrent.ConcurrentHashMap.putVal(Ljava/lang/Object;Ljava/lang/Object;Z)Ljava/lang/Object; @ 264
Event: 2,376 Thread 0x00007f295800a000 Uncommon trap: reason=unreached action=reinterpret pc=0x00007f29496b0ec4 method=org.apache.derby.iapi.types.SQLChar.stringCompare([CI[CI)I @ 1
Event: 2,376 Thread 0x00007f295800a000 Uncommon trap: reason=unreached action=reinterpret pc=0x00007f29496ffb2c method=org.apache.derby.impl.store.raw.data.StoredPage.readRecordFromArray([Ljava/lang/Object;I[I[ILorg/apache/derby/iapi/services/io/ArrayInputStream;Lorg/apache/derby/impl/store/ra
Event: 2,424 Thread 0x00007f295800a000 Uncommon trap: reason=unreached action=reinterpret pc=0x00007f294949a5c8 method=java.net.URL.set(Ljava/lang/String;Ljava/lang/String;ILjava/lang/String;Ljava/lang/String;Ljava/lang/String;Ljava/lang/String;Ljava/lang/String;)V @ 23
Event: 2,603 Thread 0x00007f295800a000 Uncommon trap: reason=unreached action=reinterpret pc=0x00007f294944189c method=java.net.URL.set(Ljava/lang/String;Ljava/lang/String;ILjava/lang/String;Ljava/lang/String;Ljava/lang/String;Ljava/lang/String;Ljava/lang/String;)V @ 23
Event: 2,718 Thread 0x00007f295800a000 Uncommon trap: reason=unreached action=reinterpret pc=0x00007f2949434c94 method=java.net.URL.set(Ljava/lang/String;Ljava/lang/String;ILjava/lang/String;Ljava/lang/String;Ljava/lang/String;Ljava/lang/String;Ljava/lang/String;)V @ 23
Event: 30,136 Thread 0x00007f29581f0800 Uncommon trap: reason=null_check action=make_not_entrant pc=0x00007f29496f5b18 method=java.lang.StringCoding.deref(Ljava/lang/ThreadLocal;)Ljava/lang/Object; @ 4

Internal exceptions (10 events):
Event: 2518,511 Thread 0x00007f295800a000 Exception <a 'java/security/PrivilegedActionException'> (0x00000007703e20c8) thrown at [/HUDSON/workspace/8-2-build-linux-amd64/jdk8u31/2394/hotspot/src/share/vm/prims/jvm.cpp, line 1312]
Event: 2518,511 Thread 0x00007f295800a000 Exception <a 'java/security/PrivilegedActionException'> (0x00000007703e76a8) thrown at [/HUDSON/workspace/8-2-build-linux-amd64/jdk8u31/2394/hotspot/src/share/vm/prims/jvm.cpp, line 1312]
Event: 2518,645 Thread 0x00007f295800a000 Exception <a 'java/security/PrivilegedActionException'> (0x00000007703ecf30) thrown at [/HUDSON/workspace/8-2-build-linux-amd64/jdk8u31/2394/hotspot/src/share/vm/prims/jvm.cpp, line 1312]
Event: 2518,647 Thread 0x00007f295800a000 Exception <a 'java/security/PrivilegedActionException'> (0x00000007703f90d0) thrown at [/HUDSON/workspace/8-2-build-linux-amd64/jdk8u31/2394/hotspot/src/share/vm/prims/jvm.cpp, line 1312]
Event: 2518,647 Thread 0x00007f295800a000 Exception <a 'java/security/PrivilegedActionException'> (0x00000007703fc968) thrown at [/HUDSON/workspace/8-2-build-linux-amd64/jdk8u31/2394/hotspot/src/share/vm/prims/jvm.cpp, line 1312]
Event: 2518,647 Thread 0x00007f295800a000 Exception <a 'java/security/PrivilegedActionException'> (0x0000000770401220) thrown at [/HUDSON/workspace/8-2-build-linux-amd64/jdk8u31/2394/hotspot/src/share/vm/prims/jvm.cpp, line 1312]
Event: 2518,647 Thread 0x00007f295800a000 Exception <a 'java/security/PrivilegedActionException'> (0x0000000770404c70) thrown at [/HUDSON/workspace/8-2-build-linux-amd64/jdk8u31/2394/hotspot/src/share/vm/prims/jvm.cpp, line 1312]
Event: 2518,652 Thread 0x00007f295800a000 Exception <a 'java/security/PrivilegedActionException'> (0x00000007704280a0) thrown at [/HUDSON/workspace/8-2-build-linux-amd64/jdk8u31/2394/hotspot/src/share/vm/prims/jvm.cpp, line 1312]
Event: 2518,652 Thread 0x00007f295800a000 Exception <a 'java/security/PrivilegedActionException'> (0x000000077042bc78) thrown at [/HUDSON/workspace/8-2-build-linux-amd64/jdk8u31/2394/hotspot/src/share/vm/prims/jvm.cpp, line 1312]
Event: 3287,911 Thread 0x00007f295800a000 Exception <a 'java/security/PrivilegedActionException'> (0x0000000770439588) thrown at [/HUDSON/workspace/8-2-build-linux-amd64/jdk8u31/2394/hotspot/src/share/vm/prims/jvm.cpp, line 1312]

Events (10 events):
Event: 2518,654 loading class java/util/Formatter$Conversion
Event: 2518,654 loading class java/util/Formatter$Conversion done
Event: 2518,654 loading class java/text/DateFormatSymbols
Event: 2518,654 loading class java/text/DateFormatSymbols done
Event: 2518,654 loading class sun/util/locale/provider/DateFormatSymbolsProviderImpl
Event: 2518,654 loading class sun/util/locale/provider/DateFormatSymbolsProviderImpl done
Event: 2518,655 loading class java/util/Formattable
Event: 2518,655 loading class java/util/Formattable done
Event: 3287,911 loading class org/xbup/lib/core/parser/token/pull/XBPullReader$1
Event: 3287,911 loading class org/xbup/lib/core/parser/token/pull/XBPullReader$1 done


Dynamic libraries:
00400000-00401000 r-xp 00000000 08:02 19009748                           /usr/java/jdk1.8.0_31/bin/java
00600000-00601000 rw-p 00000000 08:02 19009748                           /usr/java/jdk1.8.0_31/bin/java
0258e000-025af000 rw-p 00000000 00:00 0                                  [heap]
6c5800000-6cbb00000 rw-p 00000000 00:00 0 
6cbb00000-76c800000 ---p 00000000 00:00 0 
76c800000-77d900000 rw-p 00000000 00:00 0 
77d900000-7c0000000 ---p 00000000 00:00 0 
7c0000000-7c0520000 rw-p 00000000 00:00 0 
7c0520000-800000000 ---p 00000000 00:00 0 
34cf200000-34cf216000 r-xp 00000000 08:02 9044596                        /usr/lib64/libgcc_s-4.9.2-20150212.so.1
34cf216000-34cf415000 ---p 00016000 08:02 9044596                        /usr/lib64/libgcc_s-4.9.2-20150212.so.1
34cf415000-34cf416000 r--p 00015000 08:02 9044596                        /usr/lib64/libgcc_s-4.9.2-20150212.so.1
34cf416000-34cf417000 rw-p 00016000 08:02 9044596                        /usr/lib64/libgcc_s-4.9.2-20150212.so.1
38d4600000-38d4621000 r-xp 00000000 08:02 9052294                        /usr/lib64/ld-2.20.so
38d4821000-38d4822000 r--p 00021000 08:02 9052294                        /usr/lib64/ld-2.20.so
38d4822000-38d4823000 rw-p 00022000 08:02 9052294                        /usr/lib64/ld-2.20.so
38d4823000-38d4824000 rw-p 00000000 00:00 0 
38d4a00000-38d4bb4000 r-xp 00000000 08:02 9052697                        /usr/lib64/libc-2.20.so
38d4bb4000-38d4db3000 ---p 001b4000 08:02 9052697                        /usr/lib64/libc-2.20.so
38d4db3000-38d4db7000 r--p 001b3000 08:02 9052697                        /usr/lib64/libc-2.20.so
38d4db7000-38d4db9000 rw-p 001b7000 08:02 9052697                        /usr/lib64/libc-2.20.so
38d4db9000-38d4dbd000 rw-p 00000000 00:00 0 
38d4e00000-38d4f07000 r-xp 00000000 08:02 9055678                        /usr/lib64/libm-2.20.so
38d4f07000-38d5106000 ---p 00107000 08:02 9055678                        /usr/lib64/libm-2.20.so
38d5106000-38d5107000 r--p 00106000 08:02 9055678                        /usr/lib64/libm-2.20.so
38d5107000-38d5108000 rw-p 00107000 08:02 9055678                        /usr/lib64/libm-2.20.so
38d5200000-38d5203000 r-xp 00000000 08:02 9054497                        /usr/lib64/libdl-2.20.so
38d5203000-38d5402000 ---p 00003000 08:02 9054497                        /usr/lib64/libdl-2.20.so
38d5402000-38d5403000 r--p 00002000 08:02 9054497                        /usr/lib64/libdl-2.20.so
38d5403000-38d5404000 rw-p 00003000 08:02 9054497                        /usr/lib64/libdl-2.20.so
38d5600000-38d5617000 r-xp 00000000 08:02 9054721                        /usr/lib64/libpthread-2.20.so
38d5617000-38d5816000 ---p 00017000 08:02 9054721                        /usr/lib64/libpthread-2.20.so
38d5816000-38d5817000 r--p 00016000 08:02 9054721                        /usr/lib64/libpthread-2.20.so
38d5817000-38d5818000 rw-p 00017000 08:02 9054721                        /usr/lib64/libpthread-2.20.so
38d5818000-38d581c000 rw-p 00000000 00:00 0 
38d7a00000-38d7a17000 r-xp 00000000 08:02 9054643                        /usr/lib64/libresolv-2.20.so
38d7a17000-38d7c16000 ---p 00017000 08:02 9054643                        /usr/lib64/libresolv-2.20.so
38d7c16000-38d7c17000 r--p 00016000 08:02 9054643                        /usr/lib64/libresolv-2.20.so
38d7c17000-38d7c18000 rw-p 00017000 08:02 9054643                        /usr/lib64/libresolv-2.20.so
38d7c18000-38d7c1a000 rw-p 00000000 00:00 0 
38d8e00000-38d8e07000 r-xp 00000000 08:02 9055947                        /usr/lib64/librt-2.20.so
38d8e07000-38d9006000 ---p 00007000 08:02 9055947                        /usr/lib64/librt-2.20.so
38d9006000-38d9007000 r--p 00006000 08:02 9055947                        /usr/lib64/librt-2.20.so
38d9007000-38d9008000 rw-p 00007000 08:02 9055947                        /usr/lib64/librt-2.20.so
7f28dc000000-7f28dc021000 rw-p 00000000 00:00 0 
7f28dc021000-7f28e0000000 ---p 00000000 00:00 0 
7f28e0000000-7f28e0021000 rw-p 00000000 00:00 0 
7f28e0021000-7f28e4000000 ---p 00000000 00:00 0 
7f28e4000000-7f28e4021000 rw-p 00000000 00:00 0 
7f28e4021000-7f28e8000000 ---p 00000000 00:00 0 
7f28e8000000-7f28e8021000 rw-p 00000000 00:00 0 
7f28e8021000-7f28ec000000 ---p 00000000 00:00 0 
7f28ec000000-7f28ec021000 rw-p 00000000 00:00 0 
7f28ec021000-7f28f0000000 ---p 00000000 00:00 0 
7f28f0000000-7f28f0021000 rw-p 00000000 00:00 0 
7f28f0021000-7f28f4000000 ---p 00000000 00:00 0 
7f28f4000000-7f28f4658000 rw-p 00000000 00:00 0 
7f28f4658000-7f28f8000000 ---p 00000000 00:00 0 
7f28f8000000-7f28f86ed000 rw-p 00000000 00:00 0 
7f28f86ed000-7f28fc000000 ---p 00000000 00:00 0 
7f28fc000000-7f28fcf4a000 rw-p 00000000 00:00 0 
7f28fcf4a000-7f2900000000 ---p 00000000 00:00 0 
7f2900000000-7f29008a1000 rw-p 00000000 00:00 0 
7f29008a1000-7f2904000000 ---p 00000000 00:00 0 
7f2904000000-7f2904021000 rw-p 00000000 00:00 0 
7f2904021000-7f2908000000 ---p 00000000 00:00 0 
7f2909488000-7f29095c8000 rw-p 00000000 00:00 0 
7f29095c8000-7f2909688000 ---p 00000000 00:00 0 
7f2909688000-7f2909888000 rw-p 00000000 00:00 0 
7f2909888000-7f2909a88000 rw-p 00000000 00:00 0 
7f2909a88000-7f290fffb000 r--p 00000000 08:02 9051254                    /usr/lib/locale/locale-archive
7f2910000000-7f2910021000 rw-p 00000000 00:00 0 
7f2910021000-7f2914000000 ---p 00000000 00:00 0 
7f2914000000-7f2914021000 rw-p 00000000 00:00 0 
7f2914021000-7f2918000000 ---p 00000000 00:00 0 
7f2918000000-7f291807d000 rw-p 00000000 00:00 0 
7f291807d000-7f291c000000 ---p 00000000 00:00 0 
7f291c1d7000-7f291c3d7000 rw-p 00000000 00:00 0 
7f291c3d7000-7f291c5d7000 rw-p 00000000 00:00 0 
7f291c5d7000-7f291c5da000 ---p 00000000 00:00 0 
7f291c5da000-7f291c6d8000 rw-p 00000000 00:00 0                          [stack:21636]
7f291c6d8000-7f291c6e9000 r-xp 00000000 08:02 23070997                   /usr/java/jdk1.8.0_31/jre/lib/amd64/libnio.so
7f291c6e9000-7f291c8e8000 ---p 00011000 08:02 23070997                   /usr/java/jdk1.8.0_31/jre/lib/amd64/libnio.so
7f291c8e8000-7f291c8e9000 rw-p 00010000 08:02 23070997                   /usr/java/jdk1.8.0_31/jre/lib/amd64/libnio.so
7f291c8f0000-7f291c8f8000 r-xp 00000000 08:02 23071002                   /usr/java/jdk1.8.0_31/jre/lib/amd64/libmanagement.so
7f291c8f8000-7f291caf8000 ---p 00008000 08:02 23071002                   /usr/java/jdk1.8.0_31/jre/lib/amd64/libmanagement.so
7f291caf8000-7f291caf9000 rw-p 00008000 08:02 23071002                   /usr/java/jdk1.8.0_31/jre/lib/amd64/libmanagement.so
7f291cafe000-7f291cb01000 ---p 00000000 00:00 0 
7f291cb01000-7f291cdff000 rw-p 00000000 00:00 0                          [stack:21635]
7f291cdff000-7f291cfff000 rw-p 00000000 00:00 0 
7f291cfff000-7f291d002000 ---p 00000000 00:00 0 
7f291d002000-7f291d100000 rw-p 00000000 00:00 0                          [stack:21634]
7f291d100000-7f291d105000 r-xp 00000000 08:02 9049578                    /usr/lib64/libnss_dns-2.20.so
7f291d105000-7f291d304000 ---p 00005000 08:02 9049578                    /usr/lib64/libnss_dns-2.20.so
7f291d304000-7f291d305000 r--p 00004000 08:02 9049578                    /usr/lib64/libnss_dns-2.20.so
7f291d305000-7f291d306000 rw-p 00005000 08:02 9049578                    /usr/lib64/libnss_dns-2.20.so
7f291d308000-7f291d30a000 r-xp 00000000 08:02 9052345                    /usr/lib64/libnss_mdns4_minimal.so.2
7f291d30a000-7f291d509000 ---p 00002000 08:02 9052345                    /usr/lib64/libnss_mdns4_minimal.so.2
7f291d509000-7f291d50a000 r--p 00001000 08:02 9052345                    /usr/lib64/libnss_mdns4_minimal.so.2
7f291d50a000-7f291d50b000 rw-p 00002000 08:02 9052345                    /usr/lib64/libnss_mdns4_minimal.so.2
7f291d520000-7f291d525000 r--s 002f8000 08:02 23070794                   /usr/java/jdk1.8.0_31/jre/lib/charsets.jar
7f291d528000-7f291d52f000 r--s 00000000 08:02 9308783                    /usr/lib64/gconv/gconv-modules.cache
7f291d530000-7f291d555000 r--p 00000000 08:02 10749101                   /usr/share/locale/cs/LC_MESSAGES/libc.mo
7f291d558000-7f291d56e000 r-xp 00000000 08:02 23070994                   /usr/java/jdk1.8.0_31/jre/lib/amd64/libnet.so
7f291d56e000-7f291d76e000 ---p 00016000 08:02 23070994                   /usr/java/jdk1.8.0_31/jre/lib/amd64/libnet.so
7f291d76e000-7f291d76f000 rw-p 00016000 08:02 23070994                   /usr/java/jdk1.8.0_31/jre/lib/amd64/libnet.so
7f291d777000-7f291d77c000 r--s 0003f000 08:02 23070856                   /usr/java/jdk1.8.0_31/jre/lib/ext/sunjce_provider.jar
7f291d780000-7f291d980000 rw-p 00000000 00:00 0 
7f291d980000-7f291d9b2000 r-xp 00000000 08:02 23070953                   /usr/java/jdk1.8.0_31/jre/lib/amd64/libsunec.so
7f291d9b2000-7f291dbb1000 ---p 00032000 08:02 23070953                   /usr/java/jdk1.8.0_31/jre/lib/amd64/libsunec.so
7f291dbb1000-7f291dbb7000 rw-p 00031000 08:02 23070953                   /usr/java/jdk1.8.0_31/jre/lib/amd64/libsunec.so
7f291dbb7000-7f291dbc7000 rw-p 00000000 00:00 0 
7f291dbc9000-7f291dbca000 r--s 00009000 08:02 23070847                   /usr/java/jdk1.8.0_31/jre/lib/ext/sunec.jar
7f291dbcc000-7f291dbd0000 r--s 00094000 08:02 23070845                   /usr/java/jdk1.8.0_31/jre/lib/jsse.jar
7f291dbd2000-7f291dbd4000 r--s 0001a000 08:02 23071011                   /usr/java/jdk1.8.0_31/jre/lib/jce.jar
7f291dbd4000-7f291dbe7000 r--s 00344000 08:02 23070831                   /usr/java/jdk1.8.0_31/jre/lib/resources.jar
7f291dbee000-7f291ddee000 rw-p 00000000 00:00 0 
7f291ddee000-7f291dfee000 rw-p 00000000 00:00 0 
7f291dfee000-7f291dff9000 r--s 00116000 08:02 23070855                   /usr/java/jdk1.8.0_31/jre/lib/ext/localedata.jar
7f291dffb000-7f291e017000 r--s 00393000 08:02 23070849                   /usr/java/jdk1.8.0_31/jre/lib/ext/cldrdata.jar
7f291e017000-7f291e01a000 ---p 00000000 00:00 0 
7f291e01a000-7f291e118000 rw-p 00000000 00:00 0                          [stack:21633]
7f291e118000-7f291e11a000 r--s 00000000 08:02 19008550                   /home/hajdam/.gradle/caches/modules-2/files-2.1/aopalliance/aopalliance/1.0/235ba8b489512805ac13a8f9ea77a1ca5ebe3e8/aopalliance-1.0.jar
7f291e11e000-7f291e123000 r--s 0002e000 08:02 18749735                   /home/hajdam/.gradle/caches/modules-2/files-2.1/org.springframework/spring-expression/4.0.5.RELEASE/d7ddbc320c31c15cb3612ed64607e181c3b2d851/spring-expression-4.0.5.RELEASE.jar
7f291e126000-7f291e12f000 r--s 0004e000 08:02 18749744                   /home/hajdam/.gradle/caches/modules-2/files-2.1/org.springframework/spring-aop/4.0.5.RELEASE/d22abbbba78f7c8854fc39346cc99362272c5c90/spring-aop-4.0.5.RELEASE.jar
7f291e136000-7f291e138000 r--s 0000e000 08:02 18749528                   /home/hajdam/.gradle/caches/modules-2/files-2.1/commons-logging/commons-logging/1.1.3/f6f66e966c70a83ffbdb6f17a0919eaf7c8aca7f/commons-logging-1.1.3.jar
7f291e13d000-7f291e143000 r--s 0003d000 08:02 18749538                   /home/hajdam/.gradle/caches/modules-2/files-2.1/org.yaml/snakeyaml/1.13/73cbb494a912866c4c831a178c3a2a9169f4eaad/snakeyaml-1.13.jar
7f291e148000-7f291e154000 r--s 00098000 08:02 18749688                   /home/hajdam/.gradle/caches/modules-2/files-2.1/org.springframework/spring-beans/4.0.5.RELEASE/11e00022f109653ee0dbe16b59c26e19bd90fa08/spring-beans-4.0.5.RELEASE.jar
7f291e158000-7f291e16f000 r--s 000d8000 08:02 18749770                   /home/hajdam/.gradle/caches/modules-2/files-2.1/org.springframework/spring-context/4.0.5.RELEASE/98cd9a4b8bb0c695c0cfcc204cf804f433851cfe/spring-context-4.0.5.RELEASE.jar
7f291e173000-7f291e187000 r--s 000db000 08:02 18749714                   /home/hajdam/.gradle/caches/modules-2/files-2.1/org.springframework/spring-core/4.0.5.RELEASE/cce94116431b5a1384d58316a4090bbe7718fd5a/spring-core-4.0.5.RELEASE.jar
7f291e18c000-7f291e18e000 r--s 00004000 08:02 18884669                   /home/hajdam/.gradle/caches/modules-2/files-2.1/org.eclipse.persistence/commonj.sdo/2.1.1/90d4c89ce0a69f58619f1a247bbf420122139ff5/commonj.sdo-2.1.1.jar
7f291e193000-7f291e196000 r--s 0000b000 08:02 18884616                   /home/hajdam/.gradle/caches/modules-2/files-2.1/javax.persistence/persistence-api/1.0.2/8a7f96961047da52a53b7347b6a919c6fbc6d7fa/persistence-api-1.0.2.jar
7f291e19b000-7f291e1c6000 r--s 0028b000 08:02 19008499                   /home/hajdam/.gradle/caches/modules-2/files-2.1/org.apache.derby/derby/10.10.2.0/47eba6736561c377f2132f5e09e2fe8084d899a9/derby-10.10.2.0.jar
7f291e1c9000-7f291e1d0000 r--s 00089000 08:02 19008489                   /home/hajdam/.gradle/caches/modules-2/files-2.1/org.apache.derby/derbyclient/10.10.2.0/a0fee1323a946ee2e06819e775fce65ad72cd0d9/derbyclient-10.10.2.0.jar
7f291e1d2000-7f291e1d8000 r--s 00022000 08:02 18884673                   /home/hajdam/.gradle/caches/modules-2/files-2.1/org.eclipse.persistence/javax.persistence/2.1.0/5bab675816dbe0f64bb86004b108bf2a00292358/javax.persistence-2.1.0.jar
7f291e1d8000-7f291e1e1000 r--s 000e0000 08:02 18749658                   /home/hajdam/.gradle/caches/modules-2/files-2.1/mysql/mysql-connector-java/5.1.30/203cca178350b60899be36d0e56029eca7430d8/mysql-connector-java-5.1.30.jar
7f291e1e4000-7f291e25f000 r--s 007bc000 08:02 18884661                   /home/hajdam/.gradle/caches/modules-2/files-2.1/org.eclipse.persistence/eclipselink/2.5.1/13bdbd486b15c1c7fd2d8392fe5d62d5a5ac10d6/eclipselink-2.5.1.jar
7f291e25f000-7f291e268000 r--s 00047000 08:02 8917707                    /home/hajdam/Projekty/xbup/xbup-java/lib/jspf.core-1.0.2.jar
7f291e268000-7f291e278000 r--s 00070000 08:02 9451101                    /home/hajdam/Projekty/xbup/xbup-java/modules/xbup-core/build/libs/xbup-core-0.1.25-SNAPSHOT.jar
7f291e27f000-7f291e280000 ---p 00000000 00:00 0 
7f291e280000-7f291e380000 rw-p 00000000 00:00 0                          [stack:21632]
7f291e380000-7f291e383000 ---p 00000000 00:00 0 
7f291e383000-7f291e481000 rw-p 00000000 00:00 0                          [stack:21631]
7f291e481000-7f291e484000 ---p 00000000 00:00 0 
7f291e484000-7f291e582000 rw-p 00000000 00:00 0                          [stack:21630]
7f291e582000-7f291e585000 ---p 00000000 00:00 0 
7f291e585000-7f291e683000 rw-p 00000000 00:00 0                          [stack:21629]
7f291e683000-7f291e686000 ---p 00000000 00:00 0 
7f291e686000-7f291e784000 rw-p 00000000 00:00 0                          [stack:21628]
7f291e784000-7f291e787000 ---p 00000000 00:00 0 
7f291e787000-7f291e885000 rw-p 00000000 00:00 0                          [stack:21627]
7f291e885000-7f291e888000 ---p 00000000 00:00 0 
7f291e888000-7f291e986000 rw-p 00000000 00:00 0                          [stack:21626]
7f291e986000-7f291e989000 ---p 00000000 00:00 0 
7f291e989000-7f291ea87000 rw-p 00000000 00:00 0                          [stack:21623]
7f291ea87000-7f291ea8a000 ---p 00000000 00:00 0 
7f291ea8a000-7f291eb88000 rw-p 00000000 00:00 0                          [stack:21621]
7f291eb88000-7f291eb89000 ---p 00000000 00:00 0 
7f291eb89000-7f2928000000 rw-p 00000000 00:00 0                          [stack:21620]
7f2928000000-7f2928021000 rw-p 00000000 00:00 0 
7f2928021000-7f292c000000 ---p 00000000 00:00 0 
7f292c000000-7f292c021000 rw-p 00000000 00:00 0 
7f292c021000-7f2930000000 ---p 00000000 00:00 0 
7f2930000000-7f2930021000 rw-p 00000000 00:00 0 
7f2930021000-7f2934000000 ---p 00000000 00:00 0 
7f2934000000-7f2934021000 rw-p 00000000 00:00 0 
7f2934021000-7f2938000000 ---p 00000000 00:00 0 
7f2938000000-7f2938021000 rw-p 00000000 00:00 0 
7f2938021000-7f293c000000 ---p 00000000 00:00 0 
7f293c000000-7f293c021000 rw-p 00000000 00:00 0 
7f293c021000-7f2940000000 ---p 00000000 00:00 0 
7f2940000000-7f2940021000 rw-p 00000000 00:00 0 
7f2940021000-7f2944000000 ---p 00000000 00:00 0 
7f2944000000-7f2944021000 rw-p 00000000 00:00 0 
7f2944021000-7f2948000000 ---p 00000000 00:00 0 
7f2948004000-7f2948008000 r--s 00024000 08:02 9583240                    /home/hajdam/Projekty/xbup/xbup-java/modules/xbup-catalog/build/libs/xbup-catalog-0.1.25-SNAPSHOT.jar
7f294800c000-7f2948626000 rw-p 00000000 00:00 0 
7f2948626000-7f29487fc000 r--s 03cae000 08:02 23070796                   /usr/java/jdk1.8.0_31/jre/lib/rt.jar
7f2948800000-7f2949000000 rw-p 00000000 00:00 0 
7f2949000000-7f29498b0000 rwxp 00000000 00:00 0 
7f29498b0000-7f2958000000 ---p 00000000 00:00 0 
7f2958000000-7f2958d8d000 rw-p 00000000 00:00 0 
7f2958d8d000-7f295c000000 ---p 00000000 00:00 0 
7f295c007000-7f295c8fb000 rw-p 00000000 00:00 0 
7f295c8fb000-7f295c8fc000 ---p 00000000 00:00 0 
7f295c8fc000-7f295c9fc000 rw-p 00000000 00:00 0                          [stack:21618]
7f295c9fc000-7f295c9fd000 ---p 00000000 00:00 0 
7f295c9fd000-7f295cafd000 rw-p 00000000 00:00 0                          [stack:21617]
7f295cafd000-7f295cafe000 ---p 00000000 00:00 0 
7f295cafe000-7f295cbfe000 rw-p 00000000 00:00 0                          [stack:21616]
7f295cbfe000-7f295cbff000 ---p 00000000 00:00 0 
7f295cbff000-7f295ccff000 rw-p 00000000 00:00 0                          [stack:21615]
7f295ccff000-7f295cd00000 ---p 00000000 00:00 0 
7f295cd00000-7f295ce00000 rw-p 00000000 00:00 0                          [stack:21614]
7f295ce00000-7f295ce01000 ---p 00000000 00:00 0 
7f295ce01000-7f295cf01000 rw-p 00000000 00:00 0                          [stack:21613]
7f295cf01000-7f295cf02000 ---p 00000000 00:00 0 
7f295cf02000-7f295d002000 rw-p 00000000 00:00 0                          [stack:21612]
7f295d002000-7f295d003000 ---p 00000000 00:00 0 
7f295d003000-7f295d135000 rw-p 00000000 00:00 0                          [stack:21611]
7f295d135000-7f295d63b000 ---p 00000000 00:00 0 
7f295d63b000-7f295d66d000 rw-p 00000000 00:00 0 
7f295d66d000-7f295db73000 ---p 00000000 00:00 0 
7f295db73000-7f295dbfc000 rw-p 00000000 00:00 0 
7f295dbfc000-7f295de0f000 ---p 00000000 00:00 0 
7f295de0f000-7f295de33000 rw-p 00000000 00:00 0 
7f295de33000-7f295e1d0000 ---p 00000000 00:00 0 
7f295e1d0000-7f295e1ea000 r-xp 00000000 08:02 23070990                   /usr/java/jdk1.8.0_31/jre/lib/amd64/libzip.so
7f295e1ea000-7f295e3ea000 ---p 0001a000 08:02 23070990                   /usr/java/jdk1.8.0_31/jre/lib/amd64/libzip.so
7f295e3ea000-7f295e3eb000 rw-p 0001a000 08:02 23070990                   /usr/java/jdk1.8.0_31/jre/lib/amd64/libzip.so
7f295e3f0000-7f295e3fc000 r-xp 00000000 08:02 9050004                    /usr/lib64/libnss_files-2.20.so
7f295e3fc000-7f295e5fb000 ---p 0000c000 08:02 9050004                    /usr/lib64/libnss_files-2.20.so
7f295e5fb000-7f295e5fc000 r--p 0000b000 08:02 9050004                    /usr/lib64/libnss_files-2.20.so
7f295e5fc000-7f295e5fd000 rw-p 0000c000 08:02 9050004                    /usr/lib64/libnss_files-2.20.so
7f295e601000-7f295e603000 r--s 00009000 08:02 18749651                   /home/hajdam/.gradle/caches/modules-2/files-2.1/commons-cli/commons-cli/1.2/2bf96b7aa8b611c177d329452af1dc933e14501c/commons-cli-1.2.jar
7f295e606000-7f295e648000 rw-p 00000000 00:00 0 
7f295e648000-7f295e672000 r-xp 00000000 08:02 23070985                   /usr/java/jdk1.8.0_31/jre/lib/amd64/libjava.so
7f295e672000-7f295e872000 ---p 0002a000 08:02 23070985                   /usr/java/jdk1.8.0_31/jre/lib/amd64/libjava.so
7f295e872000-7f295e874000 rw-p 0002a000 08:02 23070985                   /usr/java/jdk1.8.0_31/jre/lib/amd64/libjava.so
7f295e878000-7f295e885000 r-xp 00000000 08:02 23070989                   /usr/java/jdk1.8.0_31/jre/lib/amd64/libverify.so
7f295e885000-7f295ea85000 ---p 0000d000 08:02 23070989                   /usr/java/jdk1.8.0_31/jre/lib/amd64/libverify.so
7f295ea85000-7f295ea87000 rw-p 0000d000 08:02 23070989                   /usr/java/jdk1.8.0_31/jre/lib/amd64/libverify.so
7f295ea87000-7f295ea8a000 ---p 00000000 00:00 0 
7f295ea8a000-7f295eb88000 rw-p 00000000 00:00 0                          [stack:21610]
7f295eb88000-7f295f7f6000 r-xp 00000000 08:02 23070971                   /usr/java/jdk1.8.0_31/jre/lib/amd64/server/libjvm.so
7f295f7f6000-7f295f9f5000 ---p 00c6e000 08:02 23070971                   /usr/java/jdk1.8.0_31/jre/lib/amd64/server/libjvm.so
7f295f9f5000-7f295facb000 rw-p 00c6d000 08:02 23070971                   /usr/java/jdk1.8.0_31/jre/lib/amd64/server/libjvm.so
7f295facb000-7f295fb0e000 rw-p 00000000 00:00 0 
7f295fb10000-7f295fb25000 r-xp 00000000 08:02 23070615                   /usr/java/jdk1.8.0_31/lib/amd64/jli/libjli.so
7f295fb25000-7f295fd24000 ---p 00015000 08:02 23070615                   /usr/java/jdk1.8.0_31/lib/amd64/jli/libjli.so
7f295fd24000-7f295fd25000 rw-p 00014000 08:02 23070615                   /usr/java/jdk1.8.0_31/lib/amd64/jli/libjli.so
7f295fd29000-7f295fd2d000 r--s 00029000 08:02 11797861                   /home/hajdam/Projekty/xbup/xbup-java/modules/xbup-framework-service/build/libs/xbup-framework-service-0.1.25-SNAPSHOT.jar
7f295fd31000-7f295fd34000 r--s 00021000 08:02 10625648                   /home/hajdam/Projekty/xbup/xbup-java/modules/xbup-framework-client/build/libs/xbup-framework-client-0.1.25-SNAPSHOT.jar
7f295fd38000-7f295fd60000 rw-p 00000000 00:00 0 
7f295fd60000-7f295fd68000 rw-s 00000000 00:23 6124397                    /tmp/hsperfdata_hajdam/21608
7f295fd69000-7f295fd6c000 rw-p 00000000 00:00 0 
7f295fd6c000-7f295fd6d000 r--p 00000000 00:00 0 
7f295fd6d000-7f295fd72000 rw-p 00000000 00:00 0 
7fff7fd36000-7fff7fd58000 rw-p 00000000 00:00 0                          [stack]
7fff7fda8000-7fff7fdaa000 r--p 00000000 00:00 0                          [vvar]
7fff7fdaa000-7fff7fdac000 r-xp 00000000 00:00 0                          [vdso]
ffffffffff600000-ffffffffff601000 r-xp 00000000 00:00 0                  [vsyscall]

VM Arguments:
jvm_args: -Dfile.encoding=UTF-8 -Duser.country=CZ -Duser.language=cs -Duser.variant 
java_command: org.xbup.service.XBService -dev
java_class_path (initial): /home/hajdam/Projekty/xbup/xbup-java/tools/xbservice/build/classes/main:/home/hajdam/Projekty/xbup/xbup-java/tools/xbservice/build/resources/main:/home/hajdam/Projekty/xbup/xbup-java/modules/xbup-core/build/libs/xbup-core-0.1.25-SNAPSHOT.jar:/home/hajdam/Projekty/xbup/xbup-java/modules/xbup-framework-client/build/libs/xbup-framework-client-0.1.25-SNAPSHOT.jar:/home/hajdam/Projekty/xbup/xbup-java/modules/xbup-framework-service/build/libs/xbup-framework-service-0.1.25-SNAPSHOT.jar:/home/hajdam/Projekty/xbup/xbup-java/lib/jspf.core-1.0.2.jar:/home/hajdam/.gradle/caches/modules-2/files-2.1/commons-cli/commons-cli/1.2/2bf96b7aa8b611c177d329452af1dc933e14501c/commons-cli-1.2.jar:/home/hajdam/.gradle/caches/modules-2/files-2.1/org.eclipse.persistence/eclipselink/2.5.1/13bdbd486b15c1c7fd2d8392fe5d62d5a5ac10d6/eclipselink-2.5.1.jar:/home/hajdam/.gradle/caches/modules-2/files-2.1/mysql/mysql-connector-java/5.1.30/203cca178350b60899be36d0e56029eca7430d8/mysql-connector-java-5.1.30.jar:/home/hajdam/.gradle/caches/modules-2/files-2.1/org.eclipse.persistence/javax.persistence/2.1.0/5bab675816dbe0f64bb86004b108bf2a00292358/javax.persistence-2.1.0.jar:/home/hajdam/.gradle/caches/modules-2/files-2.1/org.apache.derby/derbyclient/10.10.2.0/a0fee1323a946ee2e06819e775fce65ad72cd0d9/derbyclient-10.10.2.0.jar:/home/hajdam/.gradle/caches/modules-2/files-2.1/org.apache.derby/derby/10.10.2.0/47eba6736561c377f2132f5e09e2fe8084d899a9/derby-10.10.2.0.jar:/home/hajdam/Projekty/xbup/xbup-java/modules/xbup-catalog/build/libs/xbup-catalog-0.1.25-SNAPSHOT.jar:/home/hajdam/.gradle/caches/modules-2/files-2.1/javax.persistence/persistence-api/1.0.2/8a7f96961047da52a53b7347b6a919c6fbc6d7fa/persistence-api-1.0.2.jar:/home/hajdam/.gradle/caches/modules-2/files-2.1/org.eclipse.persistence/commonj.sdo/2.1.1/90d4c89ce0a69f58619f1a247bbf420122139ff5/commonj.sdo-2.1.1.jar:/home/hajdam/.gradle/caches/modules-2/files-2.1/org.springframework/spring-core/4.0.5.RELEASE/cce94116431b5a138
Launcher Type: SUN_STANDARD

Environment Variables:
PATH=/usr/lib64/qt-3.3/bin:/usr/lib64/ccache:/usr/local/bin:/usr/local/sbin:/usr/bin:/usr/sbin:/bin:/sbin:/home/hajdam/bin
USERNAME=hajdam
LD_LIBRARY_PATH=/usr/java/latest/jre/lib/amd64:/usr/java/latest/jre/lib/i386:
SHELL=/bin/bash
DISPLAY=:0

Signal Handlers:
SIGSEGV: [libjvm.so+0xa7a650], sa_mask[0]=11111111011111111101111111111110, sa_flags=SA_RESTART|SA_SIGINFO
SIGBUS: [libjvm.so+0xa7a650], sa_mask[0]=11111111011111111101111111111110, sa_flags=SA_RESTART|SA_SIGINFO
SIGFPE: [libjvm.so+0x8e28f0], sa_mask[0]=11111111011111111101111111111110, sa_flags=SA_RESTART|SA_SIGINFO
SIGPIPE: [libjvm.so+0x8e28f0], sa_mask[0]=11111111011111111101111111111110, sa_flags=SA_RESTART|SA_SIGINFO
SIGXFSZ: [libjvm.so+0x8e28f0], sa_mask[0]=11111111011111111101111111111110, sa_flags=SA_RESTART|SA_SIGINFO
SIGILL: [libjvm.so+0x8e28f0], sa_mask[0]=11111111011111111101111111111110, sa_flags=SA_RESTART|SA_SIGINFO
SIGUSR1: SIG_DFL, sa_mask[0]=00000000000000000000000000000000, sa_flags=none
SIGUSR2: [libjvm.so+0x8e4120], sa_mask[0]=00100000000000000000000000000000, sa_flags=SA_RESTART|SA_SIGINFO
SIGHUP: [libjvm.so+0x8e54e0], sa_mask[0]=11111111011111111101111111111110, sa_flags=SA_RESTART|SA_SIGINFO
SIGINT: SIG_IGN, sa_mask[0]=00000000000000000000000000000000, sa_flags=none
SIGTERM: [libjvm.so+0x8e54e0], sa_mask[0]=11111111011111111101111111111110, sa_flags=SA_RESTART|SA_SIGINFO
SIGQUIT: [libjvm.so+0x8e54e0], sa_mask[0]=11111111011111111101111111111110, sa_flags=SA_RESTART|SA_SIGINFO


---------------  S Y S T E M  ---------------

OS:Fedora release 21 (Twenty One)

uname:Linux 3.19.0-1.fc22.x86_64 #1 SMP Mon Feb 9 08:42:43 UTC 2015 x86_64
libc:glibc 2.20 NPTL 2.20 
rlimit: STACK 8192k, CORE 0k, NPROC 4096, NOFILE 4096, AS infinity
load average:0,95 0,55 0,50

/proc/meminfo:
MemTotal:       16414680 kB
MemFree:         3478000 kB
MemAvailable:   10847692 kB
Buffers:          792048 kB
Cached:          6306836 kB
SwapCached:            0 kB
Active:          8524272 kB
Inactive:        3546468 kB
Active(anon):    4990864 kB
Inactive(anon):    77284 kB
Active(file):    3533408 kB
Inactive(file):  3469184 kB
Unevictable:          32 kB
Mlocked:              32 kB
SwapTotal:             0 kB
SwapFree:              0 kB
Dirty:              2876 kB
Writeback:             0 kB
AnonPages:       4972052 kB
Mapped:           647016 kB
Shmem:             96304 kB
Slab:             672316 kB
SReclaimable:     620516 kB
SUnreclaim:        51800 kB
KernelStack:       13344 kB
PageTables:        54500 kB
NFS_Unstable:          0 kB
Bounce:                0 kB
WritebackTmp:          0 kB
CommitLimit:     8207340 kB
Committed_AS:    9500120 kB
VmallocTotal:   34359738367 kB
VmallocUsed:      337060 kB
VmallocChunk:   34359384044 kB
HardwareCorrupted:     0 kB
AnonHugePages:         0 kB
HugePages_Total:       0
HugePages_Free:        0
HugePages_Rsvd:        0
HugePages_Surp:        0
Hugepagesize:       2048 kB
DirectMap4k:      394880 kB
DirectMap2M:    11120640 kB
DirectMap1G:     5242880 kB


CPU:total 8 (8 cores per cpu, 1 threads per core) family 21 model 2 stepping 0, cmov, cx8, fxsr, mmx, sse, sse2, sse3, ssse3, sse4.1, sse4.2, popcnt, avx, aes, clmul, mmxext, 3dnowpref, lzcnt, sse4a, tsc, tscinvbit, tscinv, bmi1

/proc/cpuinfo:
processor	: 0
vendor_id	: AuthenticAMD
cpu family	: 21
model		: 2
model name	: AMD FX(tm)-8350 Eight-Core Processor
stepping	: 0
microcode	: 0x600081c
cpu MHz		: 2800.000
cache size	: 2048 KB
physical id	: 0
siblings	: 8
core id		: 0
cpu cores	: 4
apicid		: 0
initial apicid	: 0
fpu		: yes
fpu_exception	: yes
cpuid level	: 13
wp		: yes
flags		: fpu vme de pse tsc msr pae mce cx8 apic sep mtrr pge mca cmov pat pse36 clflush mmx fxsr sse sse2 ht syscall nx mmxext fxsr_opt pdpe1gb rdtscp lm constant_tsc rep_good nopl nonstop_tsc extd_apicid aperfmperf pni pclmulqdq monitor ssse3 fma cx16 sse4_1 sse4_2 popcnt aes xsave avx f16c lahf_lm cmp_legacy svm extapic cr8_legacy abm sse4a misalignsse 3dnowprefetch osvw ibs xop skinit wdt lwp fma4 tce nodeid_msr tbm topoext perfctr_core perfctr_nb arat cpb hw_pstate npt lbrv svm_lock nrip_save tsc_scale vmcb_clean flushbyasid decodeassists pausefilter pfthreshold vmmcall bmi1
bugs		: fxsave_leak
bogomips	: 8054.02
TLB size	: 1536 4K pages
clflush size	: 64
cache_alignment	: 64
address sizes	: 48 bits physical, 48 bits virtual
power management: ts ttp tm 100mhzsteps hwpstate cpb eff_freq_ro

processor	: 1
vendor_id	: AuthenticAMD
cpu family	: 21
model		: 2
model name	: AMD FX(tm)-8350 Eight-Core Processor           
stepping	: 0
microcode	: 0x600081c
cpu MHz		: 2800.000
cache size	: 2048 KB
physical id	: 0
siblings	: 8
core id		: 3
cpu cores	: 4
apicid		: 1
initial apicid	: 3
fpu		: yes
fpu_exception	: yes
cpuid level	: 13
wp		: yes
flags		: fpu vme de pse tsc msr pae mce cx8 apic sep mtrr pge mca cmov pat pse36 clflush mmx fxsr sse sse2 ht syscall nx mmxext fxsr_opt pdpe1gb rdtscp lm constant_tsc rep_good nopl nonstop_tsc extd_apicid aperfmperf pni pclmulqdq monitor ssse3 fma cx16 sse4_1 sse4_2 popcnt aes xsave avx f16c lahf_lm cmp_legacy svm extapic cr8_legacy abm sse4a misalignsse 3dnowprefetch osvw ibs xop skinit wdt lwp fma4 tce nodeid_msr tbm topoext perfctr_core perfctr_nb arat cpb hw_pstate npt lbrv svm_lock nrip_save tsc_scale vmcb_clean flushbyasid decodeassists pausefilter pfthreshold vmmcall bmi1
bugs		: fxsave_leak
bogomips	: 8054.02
TLB size	: 1536 4K pages
clflush size	: 64
cache_alignment	: 64
address sizes	: 48 bits physical, 48 bits virtual
power management: ts ttp tm 100mhzsteps hwpstate cpb eff_freq_ro

processor	: 2
vendor_id	: AuthenticAMD
cpu family	: 21
model		: 2
model name	: AMD FX(tm)-8350 Eight-Core Processor           
stepping	: 0
microcode	: 0x600081c
cpu MHz		: 2100.000
cache size	: 2048 KB
physical id	: 0
siblings	: 8
core id		: 2
cpu cores	: 4
apicid		: 2
initial apicid	: 2
fpu		: yes
fpu_exception	: yes
cpuid level	: 13
wp		: yes
flags		: fpu vme de pse tsc msr pae mce cx8 apic sep mtrr pge mca cmov pat pse36 clflush mmx fxsr sse sse2 ht syscall nx mmxext fxsr_opt pdpe1gb rdtscp lm constant_tsc rep_good nopl nonstop_tsc extd_apicid aperfmperf pni pclmulqdq monitor ssse3 fma cx16 sse4_1 sse4_2 popcnt aes xsave avx f16c lahf_lm cmp_legacy svm extapic cr8_legacy abm sse4a misalignsse 3dnowprefetch osvw ibs xop skinit wdt lwp fma4 tce nodeid_msr tbm topoext perfctr_core perfctr_nb arat cpb hw_pstate npt lbrv svm_lock nrip_save tsc_scale vmcb_clean flushbyasid decodeassists pausefilter pfthreshold vmmcall bmi1
bugs		: fxsave_leak
bogomips	: 8054.02
TLB size	: 1536 4K pages
clflush size	: 64
cache_alignment	: 64
address sizes	: 48 bits physical, 48 bits virtual
power management: ts ttp tm 100mhzsteps hwpstate cpb eff_freq_ro

processor	: 3
vendor_id	: AuthenticAMD
cpu family	: 21
model		: 2
model name	: AMD FX(tm)-8350 Eight-Core Processor           
stepping	: 0
microcode	: 0x600081c
cpu MHz		: 3400.000
cache size	: 2048 KB
physical id	: 0
siblings	: 8
core id		: 6
cpu cores	: 4
apicid		: 3
initial apicid	: 6
fpu		: yes
fpu_exception	: yes
cpuid level	: 13
wp		: yes
flags		: fpu vme de pse tsc msr pae mce cx8 apic sep mtrr pge mca cmov pat pse36 clflush mmx fxsr sse sse2 ht syscall nx mmxext fxsr_opt pdpe1gb rdtscp lm constant_tsc rep_good nopl nonstop_tsc extd_apicid aperfmperf pni pclmulqdq monitor ssse3 fma cx16 sse4_1 sse4_2 popcnt aes xsave avx f16c lahf_lm cmp_legacy svm extapic cr8_legacy abm sse4a misalignsse 3dnowprefetch osvw ibs xop skinit wdt lwp fma4 tce nodeid_msr tbm topoext perfctr_core perfctr_nb arat cpb hw_pstate npt lbrv svm_lock nrip_save tsc_scale vmcb_clean flushbyasid decodeassists pausefilter pfthreshold vmmcall bmi1
bugs		: fxsave_leak
bogomips	: 8054.02
TLB size	: 1536 4K pages
clflush size	: 64
cache_alignment	: 64
address sizes	: 48 bits physical, 48 bits virtual
power management: ts ttp tm 100mhzsteps hwpstate cpb eff_freq_ro

processor	: 4
vendor_id	: AuthenticAMD
cpu family	: 21
model		: 2
model name	: AMD FX(tm)-8350 Eight-Core Processor           
stepping	: 0
microcode	: 0x600081c
cpu MHz		: 2800.000
cache size	: 2048 KB
physical id	: 0
siblings	: 8
core id		: 7
cpu cores	: 4
apicid		: 4
initial apicid	: 7
fpu		: yes
fpu_exception	: yes
cpuid level	: 13
wp		: yes
flags		: fpu vme de pse tsc msr pae mce cx8 apic sep mtrr pge mca cmov pat pse36 clflush mmx fxsr sse sse2 ht syscall nx mmxext fxsr_opt pdpe1gb rdtscp lm constant_tsc rep_good nopl nonstop_tsc extd_apicid aperfmperf pni pclmulqdq monitor ssse3 fma cx16 sse4_1 sse4_2 popcnt aes xsave avx f16c lahf_lm cmp_legacy svm extapic cr8_legacy abm sse4a misalignsse 3dnowprefetch osvw ibs xop skinit wdt lwp fma4 tce nodeid_msr tbm topoext perfctr_core perfctr_nb arat cpb hw_pstate npt lbrv svm_lock nrip_save tsc_scale vmcb_clean flushbyasid decodeassists pausefilter pfthreshold vmmcall bmi1
bugs		: fxsave_leak
bogomips	: 8054.02
TLB size	: 1536 4K pages
clflush size	: 64
cache_alignment	: 64
address sizes	: 48 bits physical, 48 bits virtual
power management: ts ttp tm 100mhzsteps hwpstate cpb eff_freq_ro

processor	: 5
vendor_id	: AuthenticAMD
cpu family	: 21
model		: 2
model name	: AMD FX(tm)-8350 Eight-Core Processor           
stepping	: 0
microcode	: 0x600081c
cpu MHz		: 4000.000
cache size	: 2048 KB
physical id	: 0
siblings	: 8
core id		: 5
cpu cores	: 4
apicid		: 5
initial apicid	: 5
fpu		: yes
fpu_exception	: yes
cpuid level	: 13
wp		: yes
flags		: fpu vme de pse tsc msr pae mce cx8 apic sep mtrr pge mca cmov pat pse36 clflush mmx fxsr sse sse2 ht syscall nx mmxext fxsr_opt pdpe1gb rdtscp lm constant_tsc rep_good nopl nonstop_tsc extd_apicid aperfmperf pni pclmulqdq monitor ssse3 fma cx16 sse4_1 sse4_2 popcnt aes xsave avx f16c lahf_lm cmp_legacy svm extapic cr8_legacy abm sse4a misalignsse 3dnowprefetch osvw ibs xop skinit wdt lwp fma4 tce nodeid_msr tbm topoext perfctr_core perfctr_nb arat cpb hw_pstate npt lbrv svm_lock nrip_save tsc_scale vmcb_clean flushbyasid decodeassists pausefilter pfthreshold vmmcall bmi1
bugs		: fxsave_leak
bogomips	: 8054.02
TLB size	: 1536 4K pages
clflush size	: 64
cache_alignment	: 64
address sizes	: 48 bits physical, 48 bits virtual
power management: ts ttp tm 100mhzsteps hwpstate cpb eff_freq_ro

processor	: 6
vendor_id	: AuthenticAMD
cpu family	: 21
model		: 2
model name	: AMD FX(tm)-8350 Eight-Core Processor           
stepping	: 0
microcode	: 0x600081c
cpu MHz		: 3400.000
cache size	: 2048 KB
physical id	: 0
siblings	: 8
core id		: 4
cpu cores	: 4
apicid		: 6
initial apicid	: 4
fpu		: yes
fpu_exception	: yes
cpuid level	: 13
wp		: yes
flags		: fpu vme de pse tsc msr pae mce cx8 apic sep mtrr pge mca cmov pat pse36 clflush mmx fxsr sse sse2 ht syscall nx mmxext fxsr_opt pdpe1gb rdtscp lm constant_tsc rep_good nopl nonstop_tsc extd_apicid aperfmperf pni pclmulqdq monitor ssse3 fma cx16 sse4_1 sse4_2 popcnt aes xsave avx f16c lahf_lm cmp_legacy svm extapic cr8_legacy abm sse4a misalignsse 3dnowprefetch osvw ibs xop skinit wdt lwp fma4 tce nodeid_msr tbm topoext perfctr_core perfctr_nb arat cpb hw_pstate npt lbrv svm_lock nrip_save tsc_scale vmcb_clean flushbyasid decodeassists pausefilter pfthreshold vmmcall bmi1
bugs		: fxsave_leak
bogomips	: 8054.02
TLB size	: 1536 4K pages
clflush size	: 64
cache_alignment	: 64
address sizes	: 48 bits physical, 48 bits virtual
power management: ts ttp tm 100mhzsteps hwpstate cpb eff_freq_ro

processor	: 7
vendor_id	: AuthenticAMD
cpu family	: 21
model		: 2
model name	: AMD FX(tm)-8350 Eight-Core Processor           
stepping	: 0
microcode	: 0x600081c
cpu MHz		: 1400.000
cache size	: 2048 KB
physical id	: 0
siblings	: 8
core id		: 1
cpu cores	: 4
apicid		: 7
initial apicid	: 1
fpu		: yes
fpu_exception	: yes
cpuid level	: 13
wp		: yes
flags		: fpu vme de pse tsc msr pae mce cx8 apic sep mtrr pge mca cmov pat pse36 clflush mmx fxsr sse sse2 ht syscall nx mmxext fxsr_opt pdpe1gb rdtscp lm constant_tsc rep_good nopl nonstop_tsc extd_apicid aperfmperf pni pclmulqdq monitor ssse3 fma cx16 sse4_1 sse4_2 popcnt aes xsave avx f16c lahf_lm cmp_legacy svm extapic cr8_legacy abm sse4a misalignsse 3dnowprefetch osvw ibs xop skinit wdt lwp fma4 tce nodeid_msr tbm topoext perfctr_core perfctr_nb arat cpb hw_pstate npt lbrv svm_lock nrip_save tsc_scale vmcb_clean flushbyasid decodeassists pausefilter pfthreshold vmmcall bmi1
bugs		: fxsave_leak
bogomips	: 8054.02
TLB size	: 1536 4K pages
clflush size	: 64
cache_alignment	: 64
address sizes	: 48 bits physical, 48 bits virtual
power management: ts ttp tm 100mhzsteps hwpstate cpb eff_freq_ro



Memory: 4k page, physical 16414680k(3478000k free), swap 0k(0k free)

vm_info: Java HotSpot(TM) 64-Bit Server VM (25.31-b07) for linux-amd64 JRE (1.8.0_31-b13), built on Dec 17 2014 20:40:15 by "java_re" with gcc 4.3.0 20080428 (Red Hat 4.3.0-8)

time: Wed Feb 25 22:19:05 2015
elapsed time: 3287 seconds (0d 0h 54m 47s)

